{"C:\\Users\\akana\\Documents\\SE project_1\\2025-ITCS383-Bughair\\implementations\\course-service\\src\\index.js": {"path":"C:\\Users\\akana\\Documents\\SE project_1\\2025-ITCS383-Bughair\\implementations\\course-service\\src\\index.js","statementMap":{"0":{"start":{"line":1,"column":0},"end":{"line":1,"column":27}},"1":{"start":{"line":2,"column":16},"end":{"line":2,"column":34}},"2":{"start":{"line":3,"column":13},"end":{"line":3,"column":28}},"3":{"start":{"line":4,"column":15},"end":{"line":4,"column":41}},"4":{"start":{"line":5,"column":21},"end":{"line":5,"column":53}},"5":{"start":{"line":6,"column":22},"end":{"line":6,"column":55}},"6":{"start":{"line":8,"column":12},"end":{"line":8,"column":21}},"7":{"start":{"line":9,"column":13},"end":{"line":9,"column":37}},"8":{"start":{"line":12,"column":0},"end":{"line":12,"column":9}},"9":{"start":{"line":14,"column":0},"end":{"line":14,"column":16}},"10":{"start":{"line":15,"column":0},"end":{"line":15,"column":24}},"11":{"start":{"line":17,"column":0},"end":{"line":19,"column":3}},"12":{"start":{"line":18,"column":2},"end":{"line":18,"column":96}},"13":{"start":{"line":21,"column":0},"end":{"line":21,"column":38}},"14":{"start":{"line":22,"column":0},"end":{"line":22,"column":40}},"15":{"start":{"line":24,"column":0},"end":{"line":24,"column":92}},"16":{"start":{"line":24,"column":22},"end":{"line":24,"column":90}},"17":{"start":{"line":26,"column":0},"end":{"line":29,"column":3}},"18":{"start":{"line":27,"column":2},"end":{"line":27,"column":27}},"19":{"start":{"line":28,"column":2},"end":{"line":28,"column":77}},"20":{"start":{"line":31,"column":0},"end":{"line":35,"column":1}},"21":{"start":{"line":32,"column":2},"end":{"line":34,"column":5}},"22":{"start":{"line":33,"column":4},"end":{"line":33,"column":80}},"23":{"start":{"line":37,"column":0},"end":{"line":37,"column":21}}},"fnMap":{"0":{"name":"(anonymous_0)","decl":{"start":{"line":17,"column":19},"end":{"line":17,"column":20}},"loc":{"start":{"line":17,"column":33},"end":{"line":19,"column":1}},"line":17},"1":{"name":"(anonymous_1)","decl":{"start":{"line":24,"column":8},"end":{"line":24,"column":9}},"loc":{"start":{"line":24,"column":22},"end":{"line":24,"column":90}},"line":24},"2":{"name":"(anonymous_2)","decl":{"start":{"line":26,"column":8},"end":{"line":26,"column":9}},"loc":{"start":{"line":26,"column":33},"end":{"line":29,"column":1}},"line":26},"3":{"name":"(anonymous_3)","decl":{"start":{"line":32,"column":19},"end":{"line":32,"column":20}},"loc":{"start":{"line":32,"column":25},"end":{"line":34,"column":3}},"line":32}},"branchMap":{"0":{"loc":{"start":{"line":9,"column":13},"end":{"line":9,"column":37}},"type":"binary-expr","locations":[{"start":{"line":9,"column":13},"end":{"line":9,"column":29}},{"start":{"line":9,"column":33},"end":{"line":9,"column":37}}],"line":9},"1":{"loc":{"start":{"line":31,"column":0},"end":{"line":35,"column":1}},"type":"if","locations":[{"start":{"line":31,"column":0},"end":{"line":35,"column":1}},{"start":{},"end":{}}],"line":31}},"s":{"0":1,"1":1,"2":1,"3":1,"4":1,"5":1,"6":1,"7":1,"8":1,"9":1,"10":1,"11":1,"12":1,"13":1,"14":1,"15":1,"16":0,"17":1,"18":0,"19":0,"20":1,"21":0,"22":0,"23":1},"f":{"0":1,"1":0,"2":0,"3":0},"b":{"0":[1,0],"1":[0,1]},"_coverageSchema":"1a1c01bbd47fc00a2c39e90264f33305004495a9","hash":"20526cbd71eddd6e8238ef3012491b9f05ee4455"}
,"C:\\Users\\akana\\Documents\\SE project_1\\2025-ITCS383-Bughair\\implementations\\course-service\\src\\controllers\\courseController.js": {"path":"C:\\Users\\akana\\Documents\\SE project_1\\2025-ITCS383-Bughair\\implementations\\course-service\\src\\controllers\\courseController.js","statementMap":{"0":{"start":{"line":1,"column":11},"end":{"line":1,"column":34}},"1":{"start":{"line":4,"column":21},"end":{"line":19,"column":1}},"2":{"start":{"line":5,"column":2},"end":{"line":18,"column":3}},"3":{"start":{"line":6,"column":102},"end":{"line":6,"column":110}},"4":{"start":{"line":7,"column":4},"end":{"line":9,"column":5}},"5":{"start":{"line":8,"column":6},"end":{"line":8,"column":90}},"6":{"start":{"line":10,"column":17},"end":{"line":13,"column":5}},"7":{"start":{"line":14,"column":19},"end":{"line":14,"column":114}},"8":{"start":{"line":15,"column":4},"end":{"line":15,"column":115}},"9":{"start":{"line":17,"column":4},"end":{"line":17,"column":90}},"10":{"start":{"line":22,"column":21},"end":{"line":38,"column":1}},"11":{"start":{"line":23,"column":2},"end":{"line":37,"column":3}},"12":{"start":{"line":24,"column":19},"end":{"line":24,"column":29}},"13":{"start":{"line":25,"column":102},"end":{"line":25,"column":110}},"14":{"start":{"line":26,"column":19},"end":{"line":26,"column":81}},"15":{"start":{"line":27,"column":4},"end":{"line":27,"column":94}},"16":{"start":{"line":27,"column":17},"end":{"line":27,"column":94}},"17":{"start":{"line":29,"column":4},"end":{"line":32,"column":101}},"18":{"start":{"line":34,"column":4},"end":{"line":34,"column":59}},"19":{"start":{"line":36,"column":4},"end":{"line":36,"column":90}},"20":{"start":{"line":41,"column":21},"end":{"line":51,"column":1}},"21":{"start":{"line":42,"column":2},"end":{"line":50,"column":3}},"22":{"start":{"line":43,"column":19},"end":{"line":43,"column":29}},"23":{"start":{"line":44,"column":19},"end":{"line":44,"column":81}},"24":{"start":{"line":45,"column":4},"end":{"line":45,"column":94}},"25":{"start":{"line":45,"column":17},"end":{"line":45,"column":94}},"26":{"start":{"line":46,"column":4},"end":{"line":46,"column":65}},"27":{"start":{"line":47,"column":4},"end":{"line":47,"column":59}},"28":{"start":{"line":49,"column":4},"end":{"line":49,"column":90}},"29":{"start":{"line":54,"column":22},"end":{"line":68,"column":1}},"30":{"start":{"line":55,"column":2},"end":{"line":67,"column":3}},"31":{"start":{"line":56,"column":19},"end":{"line":56,"column":29}},"32":{"start":{"line":57,"column":23},"end":{"line":57,"column":31}},"33":{"start":{"line":58,"column":4},"end":{"line":60,"column":5}},"34":{"start":{"line":59,"column":6},"end":{"line":59,"column":106}},"35":{"start":{"line":61,"column":19},"end":{"line":61,"column":81}},"36":{"start":{"line":62,"column":4},"end":{"line":62,"column":94}},"37":{"start":{"line":62,"column":17},"end":{"line":62,"column":94}},"38":{"start":{"line":63,"column":4},"end":{"line":63,"column":106}},"39":{"start":{"line":64,"column":4},"end":{"line":64,"column":61}},"40":{"start":{"line":66,"column":4},"end":{"line":66,"column":90}},"41":{"start":{"line":71,"column":21},"end":{"line":86,"column":1}},"42":{"start":{"line":72,"column":2},"end":{"line":85,"column":3}},"43":{"start":{"line":73,"column":19},"end":{"line":73,"column":29}},"44":{"start":{"line":74,"column":29},"end":{"line":74,"column":37}},"45":{"start":{"line":75,"column":4},"end":{"line":77,"column":5}},"46":{"start":{"line":76,"column":6},"end":{"line":76,"column":92}},"47":{"start":{"line":78,"column":19},"end":{"line":78,"column":81}},"48":{"start":{"line":79,"column":4},"end":{"line":79,"column":94}},"49":{"start":{"line":79,"column":17},"end":{"line":79,"column":94}},"50":{"start":{"line":80,"column":4},"end":{"line":81,"column":29}},"51":{"start":{"line":82,"column":4},"end":{"line":82,"column":61}},"52":{"start":{"line":84,"column":4},"end":{"line":84,"column":90}},"53":{"start":{"line":89,"column":25},"end":{"line":100,"column":1}},"54":{"start":{"line":90,"column":2},"end":{"line":99,"column":3}},"55":{"start":{"line":91,"column":19},"end":{"line":91,"column":29}},"56":{"start":{"line":92,"column":19},"end":{"line":92,"column":81}},"57":{"start":{"line":93,"column":4},"end":{"line":93,"column":94}},"58":{"start":{"line":93,"column":17},"end":{"line":93,"column":94}},"59":{"start":{"line":95,"column":4},"end":{"line":95,"column":127}},"60":{"start":{"line":96,"column":4},"end":{"line":96,"column":60}},"61":{"start":{"line":98,"column":4},"end":{"line":98,"column":90}},"62":{"start":{"line":103,"column":22},"end":{"line":116,"column":1}},"63":{"start":{"line":104,"column":2},"end":{"line":115,"column":3}},"64":{"start":{"line":105,"column":41},"end":{"line":105,"column":50}},"65":{"start":{"line":106,"column":16},"end":{"line":106,"column":66}},"66":{"start":{"line":107,"column":19},"end":{"line":107,"column":21}},"67":{"start":{"line":108,"column":4},"end":{"line":108,"column":86}},"68":{"start":{"line":108,"column":24},"end":{"line":108,"column":57}},"69":{"start":{"line":108,"column":58},"end":{"line":108,"column":84}},"70":{"start":{"line":109,"column":4},"end":{"line":109,"column":84}},"71":{"start":{"line":109,"column":24},"end":{"line":109,"column":55}},"72":{"start":{"line":109,"column":58},"end":{"line":109,"column":82}},"73":{"start":{"line":110,"column":4},"end":{"line":110,"column":38}},"74":{"start":{"line":111,"column":17},"end":{"line":111,"column":49}},"75":{"start":{"line":112,"column":4},"end":{"line":112,"column":44}},"76":{"start":{"line":114,"column":4},"end":{"line":114,"column":90}},"77":{"start":{"line":119,"column":27},"end":{"line":135,"column":1}},"78":{"start":{"line":120,"column":2},"end":{"line":134,"column":3}},"79":{"start":{"line":121,"column":49},"end":{"line":121,"column":58}},"80":{"start":{"line":122,"column":16},"end":{"line":122,"column":49}},"81":{"start":{"line":123,"column":19},"end":{"line":123,"column":21}},"82":{"start":{"line":125,"column":4},"end":{"line":125,"column":86}},"83":{"start":{"line":125,"column":24},"end":{"line":125,"column":57}},"84":{"start":{"line":125,"column":58},"end":{"line":125,"column":84}},"85":{"start":{"line":126,"column":4},"end":{"line":126,"column":80}},"86":{"start":{"line":126,"column":22},"end":{"line":126,"column":53}},"87":{"start":{"line":126,"column":54},"end":{"line":126,"column":78}},"88":{"start":{"line":127,"column":4},"end":{"line":127,"column":68}},"89":{"start":{"line":127,"column":18},"end":{"line":127,"column":45}},"90":{"start":{"line":127,"column":46},"end":{"line":127,"column":66}},"91":{"start":{"line":129,"column":4},"end":{"line":129,"column":38}},"92":{"start":{"line":130,"column":17},"end":{"line":130,"column":49}},"93":{"start":{"line":131,"column":4},"end":{"line":131,"column":44}},"94":{"start":{"line":133,"column":4},"end":{"line":133,"column":90}},"95":{"start":{"line":138,"column":22},"end":{"line":146,"column":1}},"96":{"start":{"line":139,"column":2},"end":{"line":145,"column":3}},"97":{"start":{"line":140,"column":19},"end":{"line":140,"column":92}},"98":{"start":{"line":141,"column":4},"end":{"line":141,"column":94}},"99":{"start":{"line":141,"column":17},"end":{"line":141,"column":94}},"100":{"start":{"line":142,"column":4},"end":{"line":142,"column":46}},"101":{"start":{"line":144,"column":4},"end":{"line":144,"column":90}},"102":{"start":{"line":150,"column":21},"end":{"line":195,"column":1}},"103":{"start":{"line":151,"column":2},"end":{"line":194,"column":3}},"104":{"start":{"line":152,"column":25},"end":{"line":152,"column":33}},"105":{"start":{"line":153,"column":21},"end":{"line":153,"column":32}},"106":{"start":{"line":155,"column":19},"end":{"line":155,"column":112}},"107":{"start":{"line":156,"column":4},"end":{"line":156,"column":111}},"108":{"start":{"line":156,"column":17},"end":{"line":156,"column":111}},"109":{"start":{"line":159,"column":4},"end":{"line":161,"column":5}},"110":{"start":{"line":160,"column":6},"end":{"line":160,"column":81}},"111":{"start":{"line":164,"column":21},"end":{"line":166,"column":29}},"112":{"start":{"line":167,"column":4},"end":{"line":167,"column":110}},"113":{"start":{"line":167,"column":18},"end":{"line":167,"column":110}},"114":{"start":{"line":170,"column":21},"end":{"line":176,"column":37}},"115":{"start":{"line":177,"column":4},"end":{"line":179,"column":5}},"116":{"start":{"line":178,"column":6},"end":{"line":178,"column":122}},"117":{"start":{"line":182,"column":19},"end":{"line":185,"column":6}},"118":{"start":{"line":183,"column":6},"end":{"line":183,"column":109}},"119":{"start":{"line":184,"column":6},"end":{"line":184,"column":112}},"120":{"start":{"line":186,"column":4},"end":{"line":186,"column":13}},"121":{"start":{"line":188,"column":4},"end":{"line":188,"column":78}},"122":{"start":{"line":190,"column":4},"end":{"line":192,"column":5}},"123":{"start":{"line":191,"column":6},"end":{"line":191,"column":98}},"124":{"start":{"line":193,"column":4},"end":{"line":193,"column":90}},"125":{"start":{"line":198,"column":25},"end":{"line":225,"column":1}},"126":{"start":{"line":199,"column":2},"end":{"line":224,"column":3}},"127":{"start":{"line":200,"column":25},"end":{"line":200,"column":33}},"128":{"start":{"line":201,"column":21},"end":{"line":201,"column":32}},"129":{"start":{"line":203,"column":4},"end":{"line":205,"column":5}},"130":{"start":{"line":204,"column":6},"end":{"line":204,"column":87}},"131":{"start":{"line":207,"column":23},"end":{"line":209,"column":29}},"132":{"start":{"line":211,"column":4},"end":{"line":213,"column":5}},"133":{"start":{"line":212,"column":6},"end":{"line":212,"column":87}},"134":{"start":{"line":215,"column":19},"end":{"line":218,"column":6}},"135":{"start":{"line":216,"column":6},"end":{"line":216,"column":132}},"136":{"start":{"line":217,"column":6},"end":{"line":217,"column":159}},"137":{"start":{"line":219,"column":4},"end":{"line":219,"column":13}},"138":{"start":{"line":221,"column":4},"end":{"line":221,"column":65}},"139":{"start":{"line":223,"column":4},"end":{"line":223,"column":90}},"140":{"start":{"line":228,"column":25},"end":{"line":241,"column":1}},"141":{"start":{"line":229,"column":2},"end":{"line":240,"column":3}},"142":{"start":{"line":230,"column":17},"end":{"line":236,"column":23}},"143":{"start":{"line":237,"column":4},"end":{"line":237,"column":44}},"144":{"start":{"line":239,"column":4},"end":{"line":239,"column":90}},"145":{"start":{"line":244,"column":28},"end":{"line":253,"column":1}},"146":{"start":{"line":245,"column":2},"end":{"line":252,"column":3}},"147":{"start":{"line":246,"column":17},"end":{"line":248,"column":24}},"148":{"start":{"line":249,"column":4},"end":{"line":249,"column":64}},"149":{"start":{"line":251,"column":4},"end":{"line":251,"column":90}},"150":{"start":{"line":255,"column":0},"end":{"line":260,"column":2}}},"fnMap":{"0":{"name":"(anonymous_0)","decl":{"start":{"line":4,"column":21},"end":{"line":4,"column":22}},"loc":{"start":{"line":4,"column":35},"end":{"line":19,"column":1}},"line":4},"1":{"name":"(anonymous_1)","decl":{"start":{"line":22,"column":21},"end":{"line":22,"column":22}},"loc":{"start":{"line":22,"column":35},"end":{"line":38,"column":1}},"line":22},"2":{"name":"(anonymous_2)","decl":{"start":{"line":41,"column":21},"end":{"line":41,"column":22}},"loc":{"start":{"line":41,"column":35},"end":{"line":51,"column":1}},"line":41},"3":{"name":"(anonymous_3)","decl":{"start":{"line":54,"column":22},"end":{"line":54,"column":23}},"loc":{"start":{"line":54,"column":36},"end":{"line":68,"column":1}},"line":54},"4":{"name":"(anonymous_4)","decl":{"start":{"line":71,"column":21},"end":{"line":71,"column":22}},"loc":{"start":{"line":71,"column":35},"end":{"line":86,"column":1}},"line":71},"5":{"name":"(anonymous_5)","decl":{"start":{"line":89,"column":25},"end":{"line":89,"column":26}},"loc":{"start":{"line":89,"column":39},"end":{"line":100,"column":1}},"line":89},"6":{"name":"(anonymous_6)","decl":{"start":{"line":103,"column":22},"end":{"line":103,"column":23}},"loc":{"start":{"line":103,"column":36},"end":{"line":116,"column":1}},"line":103},"7":{"name":"(anonymous_7)","decl":{"start":{"line":119,"column":27},"end":{"line":119,"column":28}},"loc":{"start":{"line":119,"column":41},"end":{"line":135,"column":1}},"line":119},"8":{"name":"(anonymous_8)","decl":{"start":{"line":138,"column":22},"end":{"line":138,"column":23}},"loc":{"start":{"line":138,"column":36},"end":{"line":146,"column":1}},"line":138},"9":{"name":"(anonymous_9)","decl":{"start":{"line":150,"column":21},"end":{"line":150,"column":22}},"loc":{"start":{"line":150,"column":35},"end":{"line":195,"column":1}},"line":150},"10":{"name":"(anonymous_10)","decl":{"start":{"line":182,"column":34},"end":{"line":182,"column":35}},"loc":{"start":{"line":182,"column":40},"end":{"line":185,"column":5}},"line":182},"11":{"name":"(anonymous_11)","decl":{"start":{"line":198,"column":25},"end":{"line":198,"column":26}},"loc":{"start":{"line":198,"column":39},"end":{"line":225,"column":1}},"line":198},"12":{"name":"(anonymous_12)","decl":{"start":{"line":215,"column":34},"end":{"line":215,"column":35}},"loc":{"start":{"line":215,"column":40},"end":{"line":218,"column":5}},"line":215},"13":{"name":"(anonymous_13)","decl":{"start":{"line":228,"column":25},"end":{"line":228,"column":26}},"loc":{"start":{"line":228,"column":39},"end":{"line":241,"column":1}},"line":228},"14":{"name":"(anonymous_14)","decl":{"start":{"line":244,"column":28},"end":{"line":244,"column":29}},"loc":{"start":{"line":244,"column":42},"end":{"line":253,"column":1}},"line":244}},"branchMap":{"0":{"loc":{"start":{"line":7,"column":4},"end":{"line":9,"column":5}},"type":"if","locations":[{"start":{"line":7,"column":4},"end":{"line":9,"column":5}},{"start":{},"end":{}}],"line":7},"1":{"loc":{"start":{"line":7,"column":8},"end":{"line":7,"column":96}},"type":"binary-expr","locations":[{"start":{"line":7,"column":8},"end":{"line":7,"column":19}},{"start":{"line":7,"column":23},"end":{"line":7,"column":32}},{"start":{"line":7,"column":36},"end":{"line":7,"column":47}},{"start":{"line":7,"column":51},"end":{"line":7,"column":64}},{"start":{"line":7,"column":68},"end":{"line":7,"column":79}},{"start":{"line":7,"column":83},"end":{"line":7,"column":96}}],"line":7},"2":{"loc":{"start":{"line":27,"column":4},"end":{"line":27,"column":94}},"type":"if","locations":[{"start":{"line":27,"column":4},"end":{"line":27,"column":94}},{"start":{},"end":{}}],"line":27},"3":{"loc":{"start":{"line":45,"column":4},"end":{"line":45,"column":94}},"type":"if","locations":[{"start":{"line":45,"column":4},"end":{"line":45,"column":94}},{"start":{},"end":{}}],"line":45},"4":{"loc":{"start":{"line":58,"column":4},"end":{"line":60,"column":5}},"type":"if","locations":[{"start":{"line":58,"column":4},"end":{"line":60,"column":5}},{"start":{},"end":{}}],"line":58},"5":{"loc":{"start":{"line":62,"column":4},"end":{"line":62,"column":94}},"type":"if","locations":[{"start":{"line":62,"column":4},"end":{"line":62,"column":94}},{"start":{},"end":{}}],"line":62},"6":{"loc":{"start":{"line":75,"column":4},"end":{"line":77,"column":5}},"type":"if","locations":[{"start":{"line":75,"column":4},"end":{"line":77,"column":5}},{"start":{},"end":{}}],"line":75},"7":{"loc":{"start":{"line":75,"column":8},"end":{"line":75,"column":51}},"type":"binary-expr","locations":[{"start":{"line":75,"column":8},"end":{"line":75,"column":21}},{"start":{"line":75,"column":25},"end":{"line":75,"column":51}}],"line":75},"8":{"loc":{"start":{"line":79,"column":4},"end":{"line":79,"column":94}},"type":"if","locations":[{"start":{"line":79,"column":4},"end":{"line":79,"column":94}},{"start":{},"end":{}}],"line":79},"9":{"loc":{"start":{"line":93,"column":4},"end":{"line":93,"column":94}},"type":"if","locations":[{"start":{"line":93,"column":4},"end":{"line":93,"column":94}},{"start":{},"end":{}}],"line":93},"10":{"loc":{"start":{"line":108,"column":4},"end":{"line":108,"column":86}},"type":"if","locations":[{"start":{"line":108,"column":4},"end":{"line":108,"column":86}},{"start":{},"end":{}}],"line":108},"11":{"loc":{"start":{"line":109,"column":4},"end":{"line":109,"column":84}},"type":"if","locations":[{"start":{"line":109,"column":4},"end":{"line":109,"column":84}},{"start":{},"end":{}}],"line":109},"12":{"loc":{"start":{"line":125,"column":4},"end":{"line":125,"column":86}},"type":"if","locations":[{"start":{"line":125,"column":4},"end":{"line":125,"column":86}},{"start":{},"end":{}}],"line":125},"13":{"loc":{"start":{"line":126,"column":4},"end":{"line":126,"column":80}},"type":"if","locations":[{"start":{"line":126,"column":4},"end":{"line":126,"column":80}},{"start":{},"end":{}}],"line":126},"14":{"loc":{"start":{"line":127,"column":4},"end":{"line":127,"column":68}},"type":"if","locations":[{"start":{"line":127,"column":4},"end":{"line":127,"column":68}},{"start":{},"end":{}}],"line":127},"15":{"loc":{"start":{"line":141,"column":4},"end":{"line":141,"column":94}},"type":"if","locations":[{"start":{"line":141,"column":4},"end":{"line":141,"column":94}},{"start":{},"end":{}}],"line":141},"16":{"loc":{"start":{"line":156,"column":4},"end":{"line":156,"column":111}},"type":"if","locations":[{"start":{"line":156,"column":4},"end":{"line":156,"column":111}},{"start":{},"end":{}}],"line":156},"17":{"loc":{"start":{"line":159,"column":4},"end":{"line":161,"column":5}},"type":"if","locations":[{"start":{"line":159,"column":4},"end":{"line":161,"column":5}},{"start":{},"end":{}}],"line":159},"18":{"loc":{"start":{"line":167,"column":4},"end":{"line":167,"column":110}},"type":"if","locations":[{"start":{"line":167,"column":4},"end":{"line":167,"column":110}},{"start":{},"end":{}}],"line":167},"19":{"loc":{"start":{"line":177,"column":4},"end":{"line":179,"column":5}},"type":"if","locations":[{"start":{"line":177,"column":4},"end":{"line":179,"column":5}},{"start":{},"end":{}}],"line":177},"20":{"loc":{"start":{"line":190,"column":4},"end":{"line":192,"column":5}},"type":"if","locations":[{"start":{"line":190,"column":4},"end":{"line":192,"column":5}},{"start":{},"end":{}}],"line":190},"21":{"loc":{"start":{"line":203,"column":4},"end":{"line":205,"column":5}},"type":"if","locations":[{"start":{"line":203,"column":4},"end":{"line":205,"column":5}},{"start":{},"end":{}}],"line":203},"22":{"loc":{"start":{"line":211,"column":4},"end":{"line":213,"column":5}},"type":"if","locations":[{"start":{"line":211,"column":4},"end":{"line":213,"column":5}},{"start":{},"end":{}}],"line":211}},"s":{"0":1,"1":1,"2":2,"3":2,"4":2,"5":1,"6":1,"7":1,"8":1,"9":0,"10":1,"11":0,"12":0,"13":0,"14":0,"15":0,"16":0,"17":0,"18":0,"19":0,"20":1,"21":0,"22":0,"23":0,"24":0,"25":0,"26":0,"27":0,"28":0,"29":1,"30":0,"31":0,"32":0,"33":0,"34":0,"35":0,"36":0,"37":0,"38":0,"39":0,"40":0,"41":1,"42":2,"43":2,"44":2,"45":2,"46":1,"47":1,"48":1,"49":0,"50":1,"51":1,"52":0,"53":1,"54":0,"55":0,"56":0,"57":0,"58":0,"59":0,"60":0,"61":0,"62":1,"63":1,"64":1,"65":1,"66":1,"67":1,"68":0,"69":0,"70":1,"71":0,"72":0,"73":1,"74":1,"75":1,"76":0,"77":1,"78":0,"79":0,"80":0,"81":0,"82":0,"83":0,"84":0,"85":0,"86":0,"87":0,"88":0,"89":0,"90":0,"91":0,"92":0,"93":0,"94":0,"95":1,"96":2,"97":2,"98":2,"99":1,"100":1,"101":0,"102":1,"103":2,"104":2,"105":2,"106":2,"107":2,"108":1,"109":1,"110":1,"111":0,"112":0,"113":0,"114":0,"115":0,"116":0,"117":0,"118":0,"119":0,"120":0,"121":0,"122":0,"123":0,"124":0,"125":1,"126":0,"127":0,"128":0,"129":0,"130":0,"131":0,"132":0,"133":0,"134":0,"135":0,"136":0,"137":0,"138":0,"139":0,"140":1,"141":0,"142":0,"143":0,"144":0,"145":1,"146":0,"147":0,"148":0,"149":0,"150":1},"f":{"0":2,"1":0,"2":0,"3":0,"4":2,"5":0,"6":1,"7":0,"8":2,"9":2,"10":0,"11":0,"12":0,"13":0,"14":0},"b":{"0":[1,1],"1":[2,2,1,1,1,1],"2":[0,0],"3":[0,0],"4":[0,0],"5":[0,0],"6":[1,1],"7":[2,1],"8":[0,1],"9":[0,0],"10":[0,1],"11":[0,1],"12":[0,0],"13":[0,0],"14":[0,0],"15":[1,1],"16":[1,1],"17":[1,0],"18":[0,0],"19":[0,0],"20":[0,0],"21":[0,0],"22":[0,0]},"_coverageSchema":"1a1c01bbd47fc00a2c39e90264f33305004495a9","hash":"2f63bb700ea1986013ada3488e841eb767cb00d1"}
,"C:\\Users\\akana\\Documents\\SE project_1\\2025-ITCS383-Bughair\\implementations\\course-service\\src\\controllers\\trainerController.js": {"path":"C:\\Users\\akana\\Documents\\SE project_1\\2025-ITCS383-Bughair\\implementations\\course-service\\src\\controllers\\trainerController.js","statementMap":{"0":{"start":{"line":1,"column":11},"end":{"line":1,"column":34}},"1":{"start":{"line":4,"column":15},"end":{"line":10,"column":4}},"2":{"start":{"line":11,"column":2},"end":{"line":11,"column":73}},"3":{"start":{"line":11,"column":46},"end":{"line":11,"column":73}},"4":{"start":{"line":12,"column":2},"end":{"line":12,"column":46}},"5":{"start":{"line":16,"column":15},"end":{"line":21,"column":4}},"6":{"start":{"line":22,"column":2},"end":{"line":22,"column":73}},"7":{"start":{"line":22,"column":46},"end":{"line":22,"column":73}},"8":{"start":{"line":23,"column":2},"end":{"line":23,"column":12}},"9":{"start":{"line":27,"column":2},"end":{"line":29,"column":3}},"10":{"start":{"line":28,"column":4},"end":{"line":28,"column":16}},"11":{"start":{"line":31,"column":16},"end":{"line":31,"column":50}},"12":{"start":{"line":32,"column":2},"end":{"line":36,"column":4}},"13":{"start":{"line":40,"column":22},"end":{"line":53,"column":1}},"14":{"start":{"line":41,"column":2},"end":{"line":52,"column":3}},"15":{"start":{"line":42,"column":51},"end":{"line":42,"column":59}},"16":{"start":{"line":43,"column":4},"end":{"line":45,"column":5}},"17":{"start":{"line":44,"column":6},"end":{"line":44,"column":98}},"18":{"start":{"line":46,"column":19},"end":{"line":48,"column":45}},"19":{"start":{"line":49,"column":4},"end":{"line":49,"column":117}},"20":{"start":{"line":51,"column":4},"end":{"line":51,"column":90}},"21":{"start":{"line":56,"column":22},"end":{"line":69,"column":1}},"22":{"start":{"line":57,"column":2},"end":{"line":68,"column":3}},"23":{"start":{"line":58,"column":19},"end":{"line":58,"column":29}},"24":{"start":{"line":59,"column":59},"end":{"line":59,"column":67}},"25":{"start":{"line":60,"column":20},"end":{"line":60,"column":84}},"26":{"start":{"line":61,"column":4},"end":{"line":61,"column":96}},"27":{"start":{"line":61,"column":18},"end":{"line":61,"column":96}},"28":{"start":{"line":62,"column":4},"end":{"line":64,"column":70}},"29":{"start":{"line":65,"column":4},"end":{"line":65,"column":60}},"30":{"start":{"line":67,"column":4},"end":{"line":67,"column":90}},"31":{"start":{"line":72,"column":22},"end":{"line":82,"column":1}},"32":{"start":{"line":73,"column":2},"end":{"line":81,"column":3}},"33":{"start":{"line":74,"column":19},"end":{"line":74,"column":29}},"34":{"start":{"line":75,"column":20},"end":{"line":75,"column":84}},"35":{"start":{"line":76,"column":4},"end":{"line":76,"column":96}},"36":{"start":{"line":76,"column":18},"end":{"line":76,"column":96}},"37":{"start":{"line":77,"column":4},"end":{"line":77,"column":67}},"38":{"start":{"line":78,"column":4},"end":{"line":78,"column":60}},"39":{"start":{"line":80,"column":4},"end":{"line":80,"column":90}},"40":{"start":{"line":85,"column":23},"end":{"line":104,"column":1}},"41":{"start":{"line":86,"column":2},"end":{"line":103,"column":3}},"42":{"start":{"line":87,"column":26},"end":{"line":87,"column":35}},"43":{"start":{"line":88,"column":16},"end":{"line":88,"column":64}},"44":{"start":{"line":89,"column":19},"end":{"line":89,"column":21}},"45":{"start":{"line":90,"column":4},"end":{"line":90,"column":87}},"46":{"start":{"line":90,"column":21},"end":{"line":90,"column":54}},"47":{"start":{"line":90,"column":55},"end":{"line":90,"column":85}},"48":{"start":{"line":91,"column":4},"end":{"line":91,"column":34}},"49":{"start":{"line":92,"column":21},"end":{"line":92,"column":53}},"50":{"start":{"line":95,"column":18},"end":{"line":95,"column":85}},"51":{"start":{"line":96,"column":19},"end":{"line":99,"column":7}},"52":{"start":{"line":96,"column":38},"end":{"line":99,"column":5}},"53":{"start":{"line":100,"column":4},"end":{"line":100,"column":46}},"54":{"start":{"line":102,"column":4},"end":{"line":102,"column":90}},"55":{"start":{"line":107,"column":28},"end":{"line":119,"column":1}},"56":{"start":{"line":108,"column":2},"end":{"line":118,"column":3}},"57":{"start":{"line":109,"column":21},"end":{"line":109,"column":81}},"58":{"start":{"line":110,"column":18},"end":{"line":110,"column":85}},"59":{"start":{"line":111,"column":19},"end":{"line":114,"column":7}},"60":{"start":{"line":111,"column":46},"end":{"line":114,"column":5}},"61":{"start":{"line":115,"column":4},"end":{"line":115,"column":46}},"62":{"start":{"line":117,"column":4},"end":{"line":117,"column":90}},"63":{"start":{"line":122,"column":23},"end":{"line":138,"column":1}},"64":{"start":{"line":123,"column":2},"end":{"line":137,"column":3}},"65":{"start":{"line":124,"column":20},"end":{"line":124,"column":95}},"66":{"start":{"line":125,"column":4},"end":{"line":125,"column":96}},"67":{"start":{"line":125,"column":18},"end":{"line":125,"column":96}},"68":{"start":{"line":126,"column":25},"end":{"line":126,"column":111}},"69":{"start":{"line":127,"column":4},"end":{"line":134,"column":7}},"70":{"start":{"line":136,"column":4},"end":{"line":136,"column":90}},"71":{"start":{"line":141,"column":20},"end":{"line":183,"column":1}},"72":{"start":{"line":142,"column":2},"end":{"line":182,"column":3}},"73":{"start":{"line":143,"column":76},"end":{"line":143,"column":84}},"74":{"start":{"line":144,"column":21},"end":{"line":144,"column":32}},"75":{"start":{"line":146,"column":4},"end":{"line":148,"column":5}},"76":{"start":{"line":147,"column":6},"end":{"line":147,"column":119}},"77":{"start":{"line":150,"column":20},"end":{"line":150,"column":113}},"78":{"start":{"line":151,"column":4},"end":{"line":151,"column":108}},"79":{"start":{"line":151,"column":18},"end":{"line":151,"column":108}},"80":{"start":{"line":153,"column":21},"end":{"line":153,"column":42}},"81":{"start":{"line":156,"column":28},"end":{"line":160,"column":70}},"82":{"start":{"line":161,"column":4},"end":{"line":163,"column":5}},"83":{"start":{"line":162,"column":6},"end":{"line":162,"column":104}},"84":{"start":{"line":166,"column":27},"end":{"line":170,"column":69}},"85":{"start":{"line":171,"column":4},"end":{"line":173,"column":5}},"86":{"start":{"line":172,"column":6},"end":{"line":172,"column":106}},"87":{"start":{"line":175,"column":19},"end":{"line":177,"column":73}},"88":{"start":{"line":179,"column":4},"end":{"line":179,"column":117}},"89":{"start":{"line":181,"column":4},"end":{"line":181,"column":90}},"90":{"start":{"line":186,"column":22},"end":{"line":201,"column":1}},"91":{"start":{"line":187,"column":2},"end":{"line":200,"column":3}},"92":{"start":{"line":188,"column":23},"end":{"line":188,"column":32}},"93":{"start":{"line":189,"column":17},"end":{"line":196,"column":63}},"94":{"start":{"line":197,"column":4},"end":{"line":197,"column":44}},"95":{"start":{"line":199,"column":4},"end":{"line":199,"column":90}},"96":{"start":{"line":204,"column":31},"end":{"line":217,"column":1}},"97":{"start":{"line":205,"column":2},"end":{"line":216,"column":3}},"98":{"start":{"line":206,"column":26},"end":{"line":206,"column":36}},"99":{"start":{"line":207,"column":20},"end":{"line":207,"column":98}},"100":{"start":{"line":208,"column":4},"end":{"line":210,"column":5}},"101":{"start":{"line":209,"column":6},"end":{"line":209,"column":84}},"102":{"start":{"line":212,"column":4},"end":{"line":212,"column":101}},"103":{"start":{"line":213,"column":4},"end":{"line":213,"column":72}},"104":{"start":{"line":215,"column":4},"end":{"line":215,"column":90}},"105":{"start":{"line":220,"column":28},"end":{"line":252,"column":1}},"106":{"start":{"line":221,"column":2},"end":{"line":251,"column":3}},"107":{"start":{"line":222,"column":30},"end":{"line":222,"column":40}},"108":{"start":{"line":223,"column":46},"end":{"line":223,"column":54}},"109":{"start":{"line":225,"column":4},"end":{"line":227,"column":5}},"110":{"start":{"line":226,"column":6},"end":{"line":226,"column":100}},"111":{"start":{"line":229,"column":20},"end":{"line":232,"column":45}},"112":{"start":{"line":234,"column":4},"end":{"line":236,"column":5}},"113":{"start":{"line":235,"column":6},"end":{"line":235,"column":106}},"114":{"start":{"line":238,"column":21},"end":{"line":238,"column":105}},"115":{"start":{"line":239,"column":4},"end":{"line":241,"column":5}},"116":{"start":{"line":240,"column":6},"end":{"line":240,"column":107}},"117":{"start":{"line":243,"column":19},"end":{"line":246,"column":73}},"118":{"start":{"line":248,"column":4},"end":{"line":248,"column":117}},"119":{"start":{"line":250,"column":4},"end":{"line":250,"column":90}},"120":{"start":{"line":255,"column":29},"end":{"line":262,"column":1}},"121":{"start":{"line":256,"column":2},"end":{"line":261,"column":3}},"122":{"start":{"line":257,"column":17},"end":{"line":257,"column":49}},"123":{"start":{"line":258,"column":4},"end":{"line":258,"column":64}},"124":{"start":{"line":260,"column":4},"end":{"line":260,"column":90}},"125":{"start":{"line":265,"column":30},"end":{"line":284,"column":1}},"126":{"start":{"line":266,"column":2},"end":{"line":283,"column":3}},"127":{"start":{"line":267,"column":25},"end":{"line":267,"column":35}},"128":{"start":{"line":268,"column":23},"end":{"line":268,"column":31}},"129":{"start":{"line":270,"column":4},"end":{"line":272,"column":5}},"130":{"start":{"line":271,"column":6},"end":{"line":271,"column":100}},"131":{"start":{"line":274,"column":19},"end":{"line":274,"column":94}},"132":{"start":{"line":275,"column":4},"end":{"line":277,"column":5}},"133":{"start":{"line":276,"column":6},"end":{"line":276,"column":83}},"134":{"start":{"line":279,"column":4},"end":{"line":279,"column":125}},"135":{"start":{"line":280,"column":4},"end":{"line":280,"column":59}},"136":{"start":{"line":282,"column":4},"end":{"line":282,"column":90}},"137":{"start":{"line":287,"column":28},"end":{"line":300,"column":1}},"138":{"start":{"line":288,"column":2},"end":{"line":299,"column":3}},"139":{"start":{"line":289,"column":25},"end":{"line":289,"column":35}},"140":{"start":{"line":290,"column":19},"end":{"line":290,"column":94}},"141":{"start":{"line":291,"column":4},"end":{"line":293,"column":5}},"142":{"start":{"line":292,"column":6},"end":{"line":292,"column":83}},"143":{"start":{"line":295,"column":4},"end":{"line":295,"column":78}},"144":{"start":{"line":296,"column":4},"end":{"line":296,"column":59}},"145":{"start":{"line":298,"column":4},"end":{"line":298,"column":90}},"146":{"start":{"line":303,"column":30},"end":{"line":325,"column":1}},"147":{"start":{"line":304,"column":2},"end":{"line":324,"column":3}},"148":{"start":{"line":305,"column":19},"end":{"line":305,"column":29}},"149":{"start":{"line":306,"column":29},"end":{"line":306,"column":37}},"150":{"start":{"line":308,"column":19},"end":{"line":318,"column":6}},"151":{"start":{"line":309,"column":6},"end":{"line":309,"column":80}},"152":{"start":{"line":310,"column":6},"end":{"line":317,"column":7}},"153":{"start":{"line":311,"column":20},"end":{"line":313,"column":9}},"154":{"start":{"line":314,"column":8},"end":{"line":316,"column":9}},"155":{"start":{"line":315,"column":10},"end":{"line":315,"column":68}},"156":{"start":{"line":319,"column":4},"end":{"line":319,"column":13}},"157":{"start":{"line":321,"column":4},"end":{"line":321,"column":61}},"158":{"start":{"line":323,"column":4},"end":{"line":323,"column":90}},"159":{"start":{"line":327,"column":0},"end":{"line":333,"column":2}}},"fnMap":{"0":{"name":"getTrainerStats","decl":{"start":{"line":3,"column":9},"end":{"line":3,"column":24}},"loc":{"start":{"line":3,"column":36},"end":{"line":13,"column":1}},"line":3},"1":{"name":"getTrainerReviews","decl":{"start":{"line":15,"column":9},"end":{"line":15,"column":26}},"loc":{"start":{"line":15,"column":38},"end":{"line":24,"column":1}},"line":15},"2":{"name":"attachTrainerMeta","decl":{"start":{"line":26,"column":9},"end":{"line":26,"column":26}},"loc":{"start":{"line":26,"column":36},"end":{"line":37,"column":1}},"line":26},"3":{"name":"(anonymous_3)","decl":{"start":{"line":40,"column":22},"end":{"line":40,"column":23}},"loc":{"start":{"line":40,"column":36},"end":{"line":53,"column":1}},"line":40},"4":{"name":"(anonymous_4)","decl":{"start":{"line":56,"column":22},"end":{"line":56,"column":23}},"loc":{"start":{"line":56,"column":36},"end":{"line":69,"column":1}},"line":56},"5":{"name":"(anonymous_5)","decl":{"start":{"line":72,"column":22},"end":{"line":72,"column":23}},"loc":{"start":{"line":72,"column":36},"end":{"line":82,"column":1}},"line":72},"6":{"name":"(anonymous_6)","decl":{"start":{"line":85,"column":23},"end":{"line":85,"column":24}},"loc":{"start":{"line":85,"column":37},"end":{"line":104,"column":1}},"line":85},"7":{"name":"(anonymous_7)","decl":{"start":{"line":96,"column":32},"end":{"line":96,"column":33}},"loc":{"start":{"line":96,"column":38},"end":{"line":99,"column":5}},"line":96},"8":{"name":"(anonymous_8)","decl":{"start":{"line":107,"column":28},"end":{"line":107,"column":29}},"loc":{"start":{"line":107,"column":42},"end":{"line":119,"column":1}},"line":107},"9":{"name":"(anonymous_9)","decl":{"start":{"line":111,"column":32},"end":{"line":111,"column":33}},"loc":{"start":{"line":111,"column":46},"end":{"line":114,"column":5}},"line":111},"10":{"name":"(anonymous_10)","decl":{"start":{"line":122,"column":23},"end":{"line":122,"column":24}},"loc":{"start":{"line":122,"column":37},"end":{"line":138,"column":1}},"line":122},"11":{"name":"(anonymous_11)","decl":{"start":{"line":141,"column":20},"end":{"line":141,"column":21}},"loc":{"start":{"line":141,"column":34},"end":{"line":183,"column":1}},"line":141},"12":{"name":"(anonymous_12)","decl":{"start":{"line":186,"column":22},"end":{"line":186,"column":23}},"loc":{"start":{"line":186,"column":36},"end":{"line":201,"column":1}},"line":186},"13":{"name":"(anonymous_13)","decl":{"start":{"line":204,"column":31},"end":{"line":204,"column":32}},"loc":{"start":{"line":204,"column":45},"end":{"line":217,"column":1}},"line":204},"14":{"name":"(anonymous_14)","decl":{"start":{"line":220,"column":28},"end":{"line":220,"column":29}},"loc":{"start":{"line":220,"column":42},"end":{"line":252,"column":1}},"line":220},"15":{"name":"(anonymous_15)","decl":{"start":{"line":255,"column":29},"end":{"line":255,"column":30}},"loc":{"start":{"line":255,"column":43},"end":{"line":262,"column":1}},"line":255},"16":{"name":"(anonymous_16)","decl":{"start":{"line":265,"column":30},"end":{"line":265,"column":31}},"loc":{"start":{"line":265,"column":44},"end":{"line":284,"column":1}},"line":265},"17":{"name":"(anonymous_17)","decl":{"start":{"line":287,"column":28},"end":{"line":287,"column":29}},"loc":{"start":{"line":287,"column":42},"end":{"line":300,"column":1}},"line":287},"18":{"name":"(anonymous_18)","decl":{"start":{"line":303,"column":30},"end":{"line":303,"column":31}},"loc":{"start":{"line":303,"column":44},"end":{"line":325,"column":1}},"line":303},"19":{"name":"(anonymous_19)","decl":{"start":{"line":308,"column":34},"end":{"line":308,"column":35}},"loc":{"start":{"line":308,"column":40},"end":{"line":318,"column":5}},"line":308}},"branchMap":{"0":{"loc":{"start":{"line":11,"column":2},"end":{"line":11,"column":73}},"type":"if","locations":[{"start":{"line":11,"column":2},"end":{"line":11,"column":73}},{"start":{},"end":{}}],"line":11},"1":{"loc":{"start":{"line":11,"column":6},"end":{"line":11,"column":44}},"type":"binary-expr","locations":[{"start":{"line":11,"column":6},"end":{"line":11,"column":10}},{"start":{"line":11,"column":14},"end":{"line":11,"column":44}}],"line":11},"2":{"loc":{"start":{"line":22,"column":2},"end":{"line":22,"column":73}},"type":"if","locations":[{"start":{"line":22,"column":2},"end":{"line":22,"column":73}},{"start":{},"end":{}}],"line":22},"3":{"loc":{"start":{"line":22,"column":6},"end":{"line":22,"column":44}},"type":"binary-expr","locations":[{"start":{"line":22,"column":6},"end":{"line":22,"column":10}},{"start":{"line":22,"column":14},"end":{"line":22,"column":44}}],"line":22},"4":{"loc":{"start":{"line":27,"column":2},"end":{"line":29,"column":3}},"type":"if","locations":[{"start":{"line":27,"column":2},"end":{"line":29,"column":3}},{"start":{},"end":{}}],"line":27},"5":{"loc":{"start":{"line":34,"column":26},"end":{"line":34,"column":51}},"type":"binary-expr","locations":[{"start":{"line":34,"column":26},"end":{"line":34,"column":46}},{"start":{"line":34,"column":50},"end":{"line":34,"column":51}}],"line":34},"6":{"loc":{"start":{"line":35,"column":24},"end":{"line":35,"column":47}},"type":"binary-expr","locations":[{"start":{"line":35,"column":24},"end":{"line":35,"column":42}},{"start":{"line":35,"column":46},"end":{"line":35,"column":47}}],"line":35},"7":{"loc":{"start":{"line":43,"column":4},"end":{"line":45,"column":5}},"type":"if","locations":[{"start":{"line":43,"column":4},"end":{"line":45,"column":5}},{"start":{},"end":{}}],"line":43},"8":{"loc":{"start":{"line":43,"column":8},"end":{"line":43,"column":27}},"type":"binary-expr","locations":[{"start":{"line":43,"column":8},"end":{"line":43,"column":13}},{"start":{"line":43,"column":17},"end":{"line":43,"column":27}}],"line":43},"9":{"loc":{"start":{"line":61,"column":4},"end":{"line":61,"column":96}},"type":"if","locations":[{"start":{"line":61,"column":4},"end":{"line":61,"column":96}},{"start":{},"end":{}}],"line":61},"10":{"loc":{"start":{"line":64,"column":46},"end":{"line":64,"column":64}},"type":"binary-expr","locations":[{"start":{"line":64,"column":46},"end":{"line":64,"column":52}},{"start":{"line":64,"column":56},"end":{"line":64,"column":64}}],"line":64},"11":{"loc":{"start":{"line":76,"column":4},"end":{"line":76,"column":96}},"type":"if","locations":[{"start":{"line":76,"column":4},"end":{"line":76,"column":96}},{"start":{},"end":{}}],"line":76},"12":{"loc":{"start":{"line":90,"column":4},"end":{"line":90,"column":87}},"type":"if","locations":[{"start":{"line":90,"column":4},"end":{"line":90,"column":87}},{"start":{},"end":{}}],"line":90},"13":{"loc":{"start":{"line":125,"column":4},"end":{"line":125,"column":96}},"type":"if","locations":[{"start":{"line":125,"column":4},"end":{"line":125,"column":96}},{"start":{},"end":{}}],"line":125},"14":{"loc":{"start":{"line":146,"column":4},"end":{"line":148,"column":5}},"type":"if","locations":[{"start":{"line":146,"column":4},"end":{"line":148,"column":5}},{"start":{},"end":{}}],"line":146},"15":{"loc":{"start":{"line":146,"column":8},"end":{"line":146,"column":50}},"type":"binary-expr","locations":[{"start":{"line":146,"column":8},"end":{"line":146,"column":18}},{"start":{"line":146,"column":22},"end":{"line":146,"column":34}},{"start":{"line":146,"column":38},"end":{"line":146,"column":50}}],"line":146},"16":{"loc":{"start":{"line":151,"column":4},"end":{"line":151,"column":108}},"type":"if","locations":[{"start":{"line":151,"column":4},"end":{"line":151,"column":108}},{"start":{},"end":{}}],"line":151},"17":{"loc":{"start":{"line":153,"column":21},"end":{"line":153,"column":42}},"type":"binary-expr","locations":[{"start":{"line":153,"column":21},"end":{"line":153,"column":36}},{"start":{"line":153,"column":40},"end":{"line":153,"column":42}}],"line":153},"18":{"loc":{"start":{"line":161,"column":4},"end":{"line":163,"column":5}},"type":"if","locations":[{"start":{"line":161,"column":4},"end":{"line":163,"column":5}},{"start":{},"end":{}}],"line":161},"19":{"loc":{"start":{"line":171,"column":4},"end":{"line":173,"column":5}},"type":"if","locations":[{"start":{"line":171,"column":4},"end":{"line":173,"column":5}},{"start":{},"end":{}}],"line":171},"20":{"loc":{"start":{"line":194,"column":8},"end":{"line":194,"column":42}},"type":"cond-expr","locations":[{"start":{"line":194,"column":17},"end":{"line":194,"column":37}},{"start":{"line":194,"column":40},"end":{"line":194,"column":42}}],"line":194},"21":{"loc":{"start":{"line":196,"column":15},"end":{"line":196,"column":61}},"type":"cond-expr","locations":[{"start":{"line":196,"column":24},"end":{"line":196,"column":45}},{"start":{"line":196,"column":48},"end":{"line":196,"column":61}}],"line":196},"22":{"loc":{"start":{"line":208,"column":4},"end":{"line":210,"column":5}},"type":"if","locations":[{"start":{"line":208,"column":4},"end":{"line":210,"column":5}},{"start":{},"end":{}}],"line":208},"23":{"loc":{"start":{"line":225,"column":4},"end":{"line":227,"column":5}},"type":"if","locations":[{"start":{"line":225,"column":4},"end":{"line":227,"column":5}},{"start":{},"end":{}}],"line":225},"24":{"loc":{"start":{"line":225,"column":8},"end":{"line":225,"column":29}},"type":"binary-expr","locations":[{"start":{"line":225,"column":8},"end":{"line":225,"column":18}},{"start":{"line":225,"column":22},"end":{"line":225,"column":29}}],"line":225},"25":{"loc":{"start":{"line":234,"column":4},"end":{"line":236,"column":5}},"type":"if","locations":[{"start":{"line":234,"column":4},"end":{"line":236,"column":5}},{"start":{},"end":{}}],"line":234},"26":{"loc":{"start":{"line":239,"column":4},"end":{"line":241,"column":5}},"type":"if","locations":[{"start":{"line":239,"column":4},"end":{"line":241,"column":5}},{"start":{},"end":{}}],"line":239},"27":{"loc":{"start":{"line":246,"column":54},"end":{"line":246,"column":72}},"type":"binary-expr","locations":[{"start":{"line":246,"column":54},"end":{"line":246,"column":64}},{"start":{"line":246,"column":68},"end":{"line":246,"column":72}}],"line":246},"28":{"loc":{"start":{"line":270,"column":4},"end":{"line":272,"column":5}},"type":"if","locations":[{"start":{"line":270,"column":4},"end":{"line":272,"column":5}},{"start":{},"end":{}}],"line":270},"29":{"loc":{"start":{"line":275,"column":4},"end":{"line":277,"column":5}},"type":"if","locations":[{"start":{"line":275,"column":4},"end":{"line":277,"column":5}},{"start":{},"end":{}}],"line":275},"30":{"loc":{"start":{"line":291,"column":4},"end":{"line":293,"column":5}},"type":"if","locations":[{"start":{"line":291,"column":4},"end":{"line":293,"column":5}},{"start":{},"end":{}}],"line":291},"31":{"loc":{"start":{"line":310,"column":6},"end":{"line":317,"column":7}},"type":"if","locations":[{"start":{"line":310,"column":6},"end":{"line":317,"column":7}},{"start":{},"end":{}}],"line":310},"32":{"loc":{"start":{"line":310,"column":10},"end":{"line":310,"column":49}},"type":"binary-expr","locations":[{"start":{"line":310,"column":10},"end":{"line":310,"column":22}},{"start":{"line":310,"column":26},"end":{"line":310,"column":49}}],"line":310}},"s":{"0":1,"1":2,"2":2,"3":0,"4":2,"5":1,"6":1,"7":1,"8":0,"9":2,"10":0,"11":2,"12":2,"13":1,"14":2,"15":2,"16":2,"17":1,"18":1,"19":1,"20":0,"21":1,"22":0,"23":0,"24":0,"25":0,"26":0,"27":0,"28":0,"29":0,"30":0,"31":1,"32":0,"33":0,"34":0,"35":0,"36":0,"37":0,"38":0,"39":0,"40":1,"41":1,"42":1,"43":1,"44":1,"45":1,"46":0,"47":0,"48":1,"49":1,"50":1,"51":1,"52":1,"53":1,"54":0,"55":1,"56":0,"57":0,"58":0,"59":0,"60":0,"61":0,"62":0,"63":1,"64":1,"65":1,"66":1,"67":0,"68":1,"69":1,"70":0,"71":1,"72":1,"73":1,"74":1,"75":1,"76":1,"77":0,"78":0,"79":0,"80":0,"81":0,"82":0,"83":0,"84":0,"85":0,"86":0,"87":0,"88":0,"89":0,"90":1,"91":0,"92":0,"93":0,"94":0,"95":0,"96":1,"97":0,"98":0,"99":0,"100":0,"101":0,"102":0,"103":0,"104":0,"105":1,"106":0,"107":0,"108":0,"109":0,"110":0,"111":0,"112":0,"113":0,"114":0,"115":0,"116":0,"117":0,"118":0,"119":0,"120":1,"121":0,"122":0,"123":0,"124":0,"125":1,"126":0,"127":0,"128":0,"129":0,"130":0,"131":0,"132":0,"133":0,"134":0,"135":0,"136":0,"137":1,"138":0,"139":0,"140":0,"141":0,"142":0,"143":0,"144":0,"145":0,"146":1,"147":0,"148":0,"149":0,"150":0,"151":0,"152":0,"153":0,"154":0,"155":0,"156":0,"157":0,"158":0,"159":1},"f":{"0":2,"1":1,"2":2,"3":2,"4":0,"5":0,"6":1,"7":1,"8":0,"9":0,"10":1,"11":1,"12":0,"13":0,"14":0,"15":0,"16":0,"17":0,"18":0,"19":0},"b":{"0":[0,2],"1":[2,2],"2":[1,0],"3":[1,1],"4":[0,2],"5":[2,2],"6":[2,2],"7":[1,1],"8":[2,1],"9":[0,0],"10":[0,0],"11":[0,0],"12":[0,1],"13":[0,1],"14":[1,0],"15":[1,1,0],"16":[0,0],"17":[0,0],"18":[0,0],"19":[0,0],"20":[0,0],"21":[0,0],"22":[0,0],"23":[0,0],"24":[0,0],"25":[0,0],"26":[0,0],"27":[0,0],"28":[0,0],"29":[0,0],"30":[0,0],"31":[0,0],"32":[0,0]},"_coverageSchema":"1a1c01bbd47fc00a2c39e90264f33305004495a9","hash":"2a5e8dc11c61938f3f25f20977513f97c497e651"}
,"C:\\Users\\akana\\Documents\\SE project_1\\2025-ITCS383-Bughair\\implementations\\course-service\\src\\middleware\\auth.js": {"path":"C:\\Users\\akana\\Documents\\SE project_1\\2025-ITCS383-Bughair\\implementations\\course-service\\src\\middleware\\auth.js","statementMap":{"0":{"start":{"line":1,"column":12},"end":{"line":1,"column":35}},"1":{"start":{"line":3,"column":21},"end":{"line":18,"column":1}},"2":{"start":{"line":4,"column":21},"end":{"line":4,"column":49}},"3":{"start":{"line":5,"column":16},"end":{"line":5,"column":54}},"4":{"start":{"line":7,"column":2},"end":{"line":9,"column":3}},"5":{"start":{"line":8,"column":4},"end":{"line":8,"column":86}},"6":{"start":{"line":11,"column":2},"end":{"line":17,"column":3}},"7":{"start":{"line":12,"column":20},"end":{"line":12,"column":73}},"8":{"start":{"line":13,"column":4},"end":{"line":13,"column":23}},"9":{"start":{"line":14,"column":4},"end":{"line":14,"column":11}},"10":{"start":{"line":16,"column":4},"end":{"line":16,"column":89}},"11":{"start":{"line":20,"column":21},"end":{"line":25,"column":1}},"12":{"start":{"line":21,"column":2},"end":{"line":23,"column":3}},"13":{"start":{"line":22,"column":4},"end":{"line":22,"column":86}},"14":{"start":{"line":24,"column":2},"end":{"line":24,"column":9}},"15":{"start":{"line":27,"column":0},"end":{"line":27,"column":48}}},"fnMap":{"0":{"name":"(anonymous_0)","decl":{"start":{"line":3,"column":21},"end":{"line":3,"column":22}},"loc":{"start":{"line":3,"column":41},"end":{"line":18,"column":1}},"line":3},"1":{"name":"(anonymous_1)","decl":{"start":{"line":20,"column":21},"end":{"line":20,"column":22}},"loc":{"start":{"line":20,"column":41},"end":{"line":25,"column":1}},"line":20}},"branchMap":{"0":{"loc":{"start":{"line":5,"column":16},"end":{"line":5,"column":54}},"type":"binary-expr","locations":[{"start":{"line":5,"column":16},"end":{"line":5,"column":26}},{"start":{"line":5,"column":30},"end":{"line":5,"column":54}}],"line":5},"1":{"loc":{"start":{"line":7,"column":2},"end":{"line":9,"column":3}},"type":"if","locations":[{"start":{"line":7,"column":2},"end":{"line":9,"column":3}},{"start":{},"end":{}}],"line":7},"2":{"loc":{"start":{"line":12,"column":38},"end":{"line":12,"column":72}},"type":"binary-expr","locations":[{"start":{"line":12,"column":38},"end":{"line":12,"column":60}},{"start":{"line":12,"column":64},"end":{"line":12,"column":72}}],"line":12},"3":{"loc":{"start":{"line":21,"column":2},"end":{"line":23,"column":3}},"type":"if","locations":[{"start":{"line":21,"column":2},"end":{"line":23,"column":3}},{"start":{},"end":{}}],"line":21}},"s":{"0":1,"1":1,"2":13,"3":13,"4":13,"5":3,"6":10,"7":10,"8":10,"9":10,"10":0,"11":1,"12":7,"13":1,"14":6,"15":1},"f":{"0":13,"1":7},"b":{"0":[13,10],"1":[3,10],"2":[10,0],"3":[1,6]},"_coverageSchema":"1a1c01bbd47fc00a2c39e90264f33305004495a9","hash":"fd1632904d2646140b056be39728ce59948cafc2"}
,"C:\\Users\\akana\\Documents\\SE project_1\\2025-ITCS383-Bughair\\implementations\\course-service\\src\\routes\\courseRoutes.js": {"path":"C:\\Users\\akana\\Documents\\SE project_1\\2025-ITCS383-Bughair\\implementations\\course-service\\src\\routes\\courseRoutes.js","statementMap":{"0":{"start":{"line":1,"column":16},"end":{"line":1,"column":34}},"1":{"start":{"line":2,"column":16},"end":{"line":2,"column":32}},"2":{"start":{"line":8,"column":4},"end":{"line":8,"column":46}},"3":{"start":{"line":9,"column":39},"end":{"line":9,"column":68}},"4":{"start":{"line":12,"column":0},"end":{"line":12,"column":35}},"5":{"start":{"line":16,"column":0},"end":{"line":16,"column":59}},"6":{"start":{"line":17,"column":0},"end":{"line":17,"column":63}},"7":{"start":{"line":18,"column":0},"end":{"line":18,"column":63}},"8":{"start":{"line":21,"column":0},"end":{"line":21,"column":82}},"9":{"start":{"line":22,"column":0},"end":{"line":22,"column":76}},"10":{"start":{"line":23,"column":0},"end":{"line":23,"column":76}},"11":{"start":{"line":24,"column":0},"end":{"line":24,"column":76}},"12":{"start":{"line":25,"column":0},"end":{"line":25,"column":77}},"13":{"start":{"line":26,"column":0},"end":{"line":26,"column":76}},"14":{"start":{"line":27,"column":0},"end":{"line":27,"column":80}},"15":{"start":{"line":28,"column":0},"end":{"line":28,"column":83}},"16":{"start":{"line":31,"column":0},"end":{"line":31,"column":34}},"17":{"start":{"line":33,"column":0},"end":{"line":33,"column":24}}},"fnMap":{},"branchMap":{},"s":{"0":1,"1":1,"2":1,"3":1,"4":1,"5":1,"6":1,"7":1,"8":1,"9":1,"10":1,"11":1,"12":1,"13":1,"14":1,"15":1,"16":1,"17":1},"f":{},"b":{},"_coverageSchema":"1a1c01bbd47fc00a2c39e90264f33305004495a9","hash":"d466084bb30913802a7747967d72ea12a187debc"}
,"C:\\Users\\akana\\Documents\\SE project_1\\2025-ITCS383-Bughair\\implementations\\course-service\\src\\routes\\trainerRoutes.js": {"path":"C:\\Users\\akana\\Documents\\SE project_1\\2025-ITCS383-Bughair\\implementations\\course-service\\src\\routes\\trainerRoutes.js","statementMap":{"0":{"start":{"line":1,"column":16},"end":{"line":1,"column":34}},"1":{"start":{"line":2,"column":16},"end":{"line":2,"column":32}},"2":{"start":{"line":9,"column":4},"end":{"line":9,"column":47}},"3":{"start":{"line":10,"column":39},"end":{"line":10,"column":68}},"4":{"start":{"line":14,"column":0},"end":{"line":14,"column":57}},"5":{"start":{"line":15,"column":0},"end":{"line":15,"column":77}},"6":{"start":{"line":18,"column":0},"end":{"line":18,"column":48}},"7":{"start":{"line":19,"column":0},"end":{"line":19,"column":98}},"8":{"start":{"line":22,"column":0},"end":{"line":22,"column":49}},"9":{"start":{"line":23,"column":0},"end":{"line":23,"column":63}},"10":{"start":{"line":24,"column":0},"end":{"line":24,"column":95}},"11":{"start":{"line":25,"column":0},"end":{"line":25,"column":85}},"12":{"start":{"line":28,"column":0},"end":{"line":28,"column":64}},"13":{"start":{"line":29,"column":0},"end":{"line":29,"column":64}},"14":{"start":{"line":30,"column":0},"end":{"line":30,"column":64}},"15":{"start":{"line":33,"column":0},"end":{"line":33,"column":35}},"16":{"start":{"line":34,"column":0},"end":{"line":34,"column":35}},"17":{"start":{"line":36,"column":0},"end":{"line":36,"column":24}}},"fnMap":{},"branchMap":{},"s":{"0":1,"1":1,"2":1,"3":1,"4":1,"5":1,"6":1,"7":1,"8":1,"9":1,"10":1,"11":1,"12":1,"13":1,"14":1,"15":1,"16":1,"17":1},"f":{},"b":{},"_coverageSchema":"1a1c01bbd47fc00a2c39e90264f33305004495a9","hash":"5f301b0dadf5481eb4515f0c55342a27763f5d38"}
}
