TN:
SF:src\index.js
FN:17,(anonymous_0)
FN:24,(anonymous_1)
FN:26,(anonymous_2)
FN:32,(anonymous_3)
FNF:4
FNH:1
FNDA:1,(anonymous_0)
FNDA:0,(anonymous_1)
FNDA:0,(anonymous_2)
FNDA:0,(anonymous_3)
DA:1,2
DA:2,2
DA:3,2
DA:4,2
DA:5,2
DA:6,2
DA:8,2
DA:9,2
DA:12,2
DA:14,2
DA:15,2
DA:17,2
DA:18,1
DA:21,2
DA:22,2
DA:24,2
DA:26,2
DA:27,0
DA:28,0
DA:31,2
DA:32,0
DA:33,0
DA:37,2
LF:23
LH:19
BRDA:9,0,0,2
BRDA:9,0,1,0
BRDA:31,1,0,0
BRDA:31,1,1,2
BRF:4
BRH:2
end_of_record
TN:
SF:src\controllers\courseController.js
FN:4,(anonymous_0)
FN:22,(anonymous_1)
FN:41,(anonymous_2)
FN:54,(anonymous_3)
FN:71,(anonymous_4)
FN:89,(anonymous_5)
FN:103,(anonymous_6)
FN:119,(anonymous_7)
FN:138,(anonymous_8)
FN:150,(anonymous_9)
FN:182,(anonymous_10)
FN:198,(anonymous_11)
FN:215,(anonymous_12)
FN:228,(anonymous_13)
FN:244,(anonymous_14)
FNF:15
FNH:2
FNDA:0,(anonymous_0)
FNDA:0,(anonymous_1)
FNDA:0,(anonymous_2)
FNDA:0,(anonymous_3)
FNDA:0,(anonymous_4)
FNDA:0,(anonymous_5)
FNDA:1,(anonymous_6)
FNDA:0,(anonymous_7)
FNDA:2,(anonymous_8)
FNDA:0,(anonymous_9)
FNDA:0,(anonymous_10)
FNDA:0,(anonymous_11)
FNDA:0,(anonymous_12)
FNDA:0,(anonymous_13)
FNDA:0,(anonymous_14)
DA:1,2
DA:4,2
DA:5,0
DA:6,0
DA:7,0
DA:8,0
DA:10,0
DA:14,0
DA:15,0
DA:17,0
DA:22,2
DA:23,0
DA:24,0
DA:25,0
DA:26,0
DA:27,0
DA:29,0
DA:34,0
DA:36,0
DA:41,2
DA:42,0
DA:43,0
DA:44,0
DA:45,0
DA:46,0
DA:47,0
DA:49,0
DA:54,2
DA:55,0
DA:56,0
DA:57,0
DA:58,0
DA:59,0
DA:61,0
DA:62,0
DA:63,0
DA:64,0
DA:66,0
DA:71,2
DA:72,0
DA:73,0
DA:74,0
DA:75,0
DA:76,0
DA:78,0
DA:79,0
DA:80,0
DA:82,0
DA:84,0
DA:89,2
DA:90,0
DA:91,0
DA:92,0
DA:93,0
DA:95,0
DA:96,0
DA:98,0
DA:103,2
DA:104,1
DA:105,1
DA:106,1
DA:107,1
DA:108,1
DA:109,1
DA:110,1
DA:111,1
DA:112,1
DA:114,0
DA:119,2
DA:120,0
DA:121,0
DA:122,0
DA:123,0
DA:125,0
DA:126,0
DA:127,0
DA:129,0
DA:130,0
DA:131,0
DA:133,0
DA:138,2
DA:139,2
DA:140,2
DA:141,2
DA:142,1
DA:144,0
DA:150,2
DA:151,0
DA:152,0
DA:153,0
DA:155,0
DA:156,0
DA:159,0
DA:160,0
DA:164,0
DA:167,0
DA:170,0
DA:177,0
DA:178,0
DA:182,0
DA:183,0
DA:184,0
DA:186,0
DA:188,0
DA:190,0
DA:191,0
DA:193,0
DA:198,2
DA:199,0
DA:200,0
DA:201,0
DA:203,0
DA:204,0
DA:207,0
DA:211,0
DA:212,0
DA:215,0
DA:216,0
DA:217,0
DA:219,0
DA:221,0
DA:223,0
DA:228,2
DA:229,0
DA:230,0
DA:237,0
DA:239,0
DA:244,2
DA:245,0
DA:246,0
DA:249,0
DA:251,0
DA:255,2
LF:133
LH:28
BRDA:7,0,0,0
BRDA:7,0,1,0
BRDA:7,1,0,0
BRDA:7,1,1,0
BRDA:7,1,2,0
BRDA:7,1,3,0
BRDA:7,1,4,0
BRDA:7,1,5,0
BRDA:27,2,0,0
BRDA:27,2,1,0
BRDA:45,3,0,0
BRDA:45,3,1,0
BRDA:58,4,0,0
BRDA:58,4,1,0
BRDA:62,5,0,0
BRDA:62,5,1,0
BRDA:75,6,0,0
BRDA:75,6,1,0
BRDA:75,7,0,0
BRDA:75,7,1,0
BRDA:79,8,0,0
BRDA:79,8,1,0
BRDA:93,9,0,0
BRDA:93,9,1,0
BRDA:108,10,0,0
BRDA:108,10,1,1
BRDA:109,11,0,0
BRDA:109,11,1,1
BRDA:125,12,0,0
BRDA:125,12,1,0
BRDA:126,13,0,0
BRDA:126,13,1,0
BRDA:127,14,0,0
BRDA:127,14,1,0
BRDA:141,15,0,1
BRDA:141,15,1,1
BRDA:156,16,0,0
BRDA:156,16,1,0
BRDA:159,17,0,0
BRDA:159,17,1,0
BRDA:167,18,0,0
BRDA:167,18,1,0
BRDA:177,19,0,0
BRDA:177,19,1,0
BRDA:190,20,0,0
BRDA:190,20,1,0
BRDA:203,21,0,0
BRDA:203,21,1,0
BRDA:211,22,0,0
BRDA:211,22,1,0
BRF:50
BRH:4
end_of_record
TN:
SF:src\controllers\trainerController.js
FN:3,getTrainerStats
FN:15,getTrainerReviews
FN:26,attachTrainerMeta
FN:40,(anonymous_3)
FN:56,(anonymous_4)
FN:72,(anonymous_5)
FN:85,(anonymous_6)
FN:96,(anonymous_7)
FN:107,(anonymous_8)
FN:111,(anonymous_9)
FN:122,(anonymous_10)
FN:141,(anonymous_11)
FN:186,(anonymous_12)
FN:204,(anonymous_13)
FN:220,(anonymous_14)
FN:255,(anonymous_15)
FN:265,(anonymous_16)
FN:287,(anonymous_17)
FN:303,(anonymous_18)
FN:308,(anonymous_19)
FNF:20
FNH:4
FNDA:0,getTrainerStats
FNDA:1,getTrainerReviews
FNDA:0,attachTrainerMeta
FNDA:0,(anonymous_3)
FNDA:0,(anonymous_4)
FNDA:0,(anonymous_5)
FNDA:1,(anonymous_6)
FNDA:0,(anonymous_7)
FNDA:0,(anonymous_8)
FNDA:0,(anonymous_9)
FNDA:1,(anonymous_10)
FNDA:0,(anonymous_11)
FNDA:0,(anonymous_12)
FNDA:0,(anonymous_13)
FNDA:0,(anonymous_14)
FNDA:1,(anonymous_15)
FNDA:0,(anonymous_16)
FNDA:0,(anonymous_17)
FNDA:0,(anonymous_18)
FNDA:0,(anonymous_19)
DA:1,2
DA:4,0
DA:11,0
DA:12,0
DA:16,1
DA:22,1
DA:23,1
DA:27,0
DA:28,0
DA:31,0
DA:32,0
DA:40,2
DA:41,0
DA:42,0
DA:43,0
DA:44,0
DA:46,0
DA:49,0
DA:51,0
DA:56,2
DA:57,0
DA:58,0
DA:59,0
DA:60,0
DA:61,0
DA:62,0
DA:65,0
DA:67,0
DA:72,2
DA:73,0
DA:74,0
DA:75,0
DA:76,0
DA:77,0
DA:78,0
DA:80,0
DA:85,2
DA:86,1
DA:87,1
DA:88,1
DA:89,1
DA:90,1
DA:91,1
DA:92,1
DA:95,0
DA:96,0
DA:100,0
DA:102,1
DA:107,2
DA:108,0
DA:109,0
DA:110,0
DA:111,0
DA:115,0
DA:117,0
DA:122,2
DA:123,1
DA:124,1
DA:125,0
DA:126,0
DA:127,0
DA:136,1
DA:141,2
DA:142,0
DA:143,0
DA:144,0
DA:146,0
DA:147,0
DA:150,0
DA:151,0
DA:153,0
DA:156,0
DA:161,0
DA:162,0
DA:166,0
DA:171,0
DA:172,0
DA:175,0
DA:179,0
DA:181,0
DA:186,2
DA:187,0
DA:188,0
DA:189,0
DA:197,0
DA:199,0
DA:204,2
DA:205,0
DA:206,0
DA:207,0
DA:208,0
DA:209,0
DA:212,0
DA:213,0
DA:215,0
DA:220,2
DA:221,0
DA:222,0
DA:223,0
DA:225,0
DA:226,0
DA:229,0
DA:234,0
DA:235,0
DA:238,0
DA:239,0
DA:240,0
DA:243,0
DA:248,0
DA:250,0
DA:255,2
DA:256,1
DA:257,1
DA:258,1
DA:260,0
DA:265,2
DA:266,0
DA:267,0
DA:268,0
DA:270,0
DA:271,0
DA:274,0
DA:275,0
DA:276,0
DA:279,0
DA:280,0
DA:282,0
DA:287,2
DA:288,0
DA:289,0
DA:290,0
DA:291,0
DA:292,0
DA:295,0
DA:296,0
DA:298,0
DA:303,2
DA:304,0
DA:305,0
DA:306,0
DA:308,0
DA:309,0
DA:310,0
DA:311,0
DA:314,0
DA:315,0
DA:319,0
DA:321,0
DA:323,0
DA:327,2
LF:150
LH:33
BRDA:11,0,0,0
BRDA:11,0,1,0
BRDA:11,1,0,0
BRDA:11,1,1,0
BRDA:22,2,0,0
BRDA:22,2,1,1
BRDA:22,3,0,1
BRDA:22,3,1,1
BRDA:27,4,0,0
BRDA:27,4,1,0
BRDA:34,5,0,0
BRDA:34,5,1,0
BRDA:35,6,0,0
BRDA:35,6,1,0
BRDA:43,7,0,0
BRDA:43,7,1,0
BRDA:43,8,0,0
BRDA:43,8,1,0
BRDA:61,9,0,0
BRDA:61,9,1,0
BRDA:64,10,0,0
BRDA:64,10,1,0
BRDA:76,11,0,0
BRDA:76,11,1,0
BRDA:90,12,0,0
BRDA:90,12,1,1
BRDA:125,13,0,0
BRDA:125,13,1,0
BRDA:146,14,0,0
BRDA:146,14,1,0
BRDA:146,15,0,0
BRDA:146,15,1,0
BRDA:146,15,2,0
BRDA:151,16,0,0
BRDA:151,16,1,0
BRDA:153,17,0,0
BRDA:153,17,1,0
BRDA:161,18,0,0
BRDA:161,18,1,0
BRDA:171,19,0,0
BRDA:171,19,1,0
BRDA:194,20,0,0
BRDA:194,20,1,0
BRDA:196,21,0,0
BRDA:196,21,1,0
BRDA:208,22,0,0
BRDA:208,22,1,0
BRDA:225,23,0,0
BRDA:225,23,1,0
BRDA:225,24,0,0
BRDA:225,24,1,0
BRDA:234,25,0,0
BRDA:234,25,1,0
BRDA:239,26,0,0
BRDA:239,26,1,0
BRDA:246,27,0,0
BRDA:246,27,1,0
BRDA:270,28,0,0
BRDA:270,28,1,0
BRDA:275,29,0,0
BRDA:275,29,1,0
BRDA:291,30,0,0
BRDA:291,30,1,0
BRDA:310,31,0,0
BRDA:310,31,1,0
BRDA:310,32,0,0
BRDA:310,32,1,0
BRF:67
BRH:4
end_of_record
TN:
SF:src\middleware\auth.js
FN:3,(anonymous_0)
FN:20,(anonymous_1)
FNF:2
FNH:1
FNDA:20,(anonymous_0)
FNDA:0,(anonymous_1)
DA:1,2
DA:3,2
DA:4,20
DA:5,20
DA:7,20
DA:8,4
DA:11,16
DA:12,16
DA:13,0
DA:14,0
DA:16,16
DA:20,2
DA:21,0
DA:22,0
DA:24,0
DA:27,2
LF:16
LH:11
BRDA:5,0,0,20
BRDA:5,0,1,16
BRDA:7,1,0,4
BRDA:7,1,1,16
BRDA:12,2,0,16
BRDA:12,2,1,0
BRDA:21,3,0,0
BRDA:21,3,1,0
BRF:8
BRH:5
end_of_record
TN:
SF:src\routes\courseRoutes.js
FNF:0
FNH:0
DA:1,2
DA:2,2
DA:8,2
DA:9,2
DA:12,2
DA:16,2
DA:17,2
DA:18,2
DA:21,2
DA:22,2
DA:23,2
DA:24,2
DA:25,2
DA:26,2
DA:27,2
DA:28,2
DA:31,2
DA:33,2
LF:18
LH:18
BRF:0
BRH:0
end_of_record
TN:
SF:src\routes\trainerRoutes.js
FNF:0
FNH:0
DA:1,2
DA:2,2
DA:9,2
DA:10,2
DA:14,2
DA:15,2
DA:18,2
DA:19,2
DA:22,2
DA:23,2
DA:24,2
DA:25,2
DA:28,2
DA:29,2
DA:30,2
DA:33,2
DA:34,2
DA:36,2
LF:18
LH:18
BRF:0
BRH:0
end_of_record
