TN:
SF:src\index.js
FN:17,(anonymous_0)
FN:24,(anonymous_1)
FN:26,(anonymous_2)
FN:32,(anonymous_3)
FNF:4
FNH:1
FNDA:1,(anonymous_0)
FNDA:0,(anonymous_1)
FNDA:0,(anonymous_2)
FNDA:0,(anonymous_3)
DA:1,1
DA:2,1
DA:3,1
DA:4,1
DA:5,1
DA:6,1
DA:8,1
DA:9,1
DA:12,1
DA:14,1
DA:15,1
DA:17,1
DA:18,1
DA:21,1
DA:22,1
DA:24,1
DA:26,1
DA:27,0
DA:28,0
DA:31,1
DA:32,0
DA:33,0
DA:37,1
LF:23
LH:19
BRDA:9,0,0,1
BRDA:9,0,1,0
BRDA:31,1,0,0
BRDA:31,1,1,1
BRF:4
BRH:2
end_of_record
TN:
SF:src\controllers\courseController.js
FN:4,(anonymous_0)
FN:22,(anonymous_1)
FN:41,(anonymous_2)
FN:54,(anonymous_3)
FN:71,(anonymous_4)
FN:89,(anonymous_5)
FN:103,(anonymous_6)
FN:119,(anonymous_7)
FN:138,(anonymous_8)
FN:150,(anonymous_9)
FN:182,(anonymous_10)
FN:198,(anonymous_11)
FN:215,(anonymous_12)
FN:228,(anonymous_13)
FN:244,(anonymous_14)
FNF:15
FNH:5
FNDA:2,(anonymous_0)
FNDA:0,(anonymous_1)
FNDA:0,(anonymous_2)
FNDA:0,(anonymous_3)
FNDA:2,(anonymous_4)
FNDA:0,(anonymous_5)
FNDA:1,(anonymous_6)
FNDA:0,(anonymous_7)
FNDA:2,(anonymous_8)
FNDA:2,(anonymous_9)
FNDA:0,(anonymous_10)
FNDA:0,(anonymous_11)
FNDA:0,(anonymous_12)
FNDA:0,(anonymous_13)
FNDA:0,(anonymous_14)
DA:1,1
DA:4,1
DA:5,2
DA:6,2
DA:7,2
DA:8,1
DA:10,1
DA:14,1
DA:15,1
DA:17,0
DA:22,1
DA:23,0
DA:24,0
DA:25,0
DA:26,0
DA:27,0
DA:29,0
DA:34,0
DA:36,0
DA:41,1
DA:42,0
DA:43,0
DA:44,0
DA:45,0
DA:46,0
DA:47,0
DA:49,0
DA:54,1
DA:55,0
DA:56,0
DA:57,0
DA:58,0
DA:59,0
DA:61,0
DA:62,0
DA:63,0
DA:64,0
DA:66,0
DA:71,1
DA:72,2
DA:73,2
DA:74,2
DA:75,2
DA:76,1
DA:78,1
DA:79,1
DA:80,1
DA:82,1
DA:84,0
DA:89,1
DA:90,0
DA:91,0
DA:92,0
DA:93,0
DA:95,0
DA:96,0
DA:98,0
DA:103,1
DA:104,1
DA:105,1
DA:106,1
DA:107,1
DA:108,1
DA:109,1
DA:110,1
DA:111,1
DA:112,1
DA:114,0
DA:119,1
DA:120,0
DA:121,0
DA:122,0
DA:123,0
DA:125,0
DA:126,0
DA:127,0
DA:129,0
DA:130,0
DA:131,0
DA:133,0
DA:138,1
DA:139,2
DA:140,2
DA:141,2
DA:142,1
DA:144,0
DA:150,1
DA:151,2
DA:152,2
DA:153,2
DA:155,2
DA:156,2
DA:159,1
DA:160,1
DA:164,0
DA:167,0
DA:170,0
DA:177,0
DA:178,0
DA:182,0
DA:183,0
DA:184,0
DA:186,0
DA:188,0
DA:190,0
DA:191,0
DA:193,0
DA:198,1
DA:199,0
DA:200,0
DA:201,0
DA:203,0
DA:204,0
DA:207,0
DA:211,0
DA:212,0
DA:215,0
DA:216,0
DA:217,0
DA:219,0
DA:221,0
DA:223,0
DA:228,1
DA:229,0
DA:230,0
DA:237,0
DA:239,0
DA:244,1
DA:245,0
DA:246,0
DA:249,0
DA:251,0
DA:255,1
LF:133
LH:51
BRDA:7,0,0,1
BRDA:7,0,1,1
BRDA:7,1,0,2
BRDA:7,1,1,2
BRDA:7,1,2,1
BRDA:7,1,3,1
BRDA:7,1,4,1
BRDA:7,1,5,1
BRDA:27,2,0,0
BRDA:27,2,1,0
BRDA:45,3,0,0
BRDA:45,3,1,0
BRDA:58,4,0,0
BRDA:58,4,1,0
BRDA:62,5,0,0
BRDA:62,5,1,0
BRDA:75,6,0,1
BRDA:75,6,1,1
BRDA:75,7,0,2
BRDA:75,7,1,1
BRDA:79,8,0,0
BRDA:79,8,1,1
BRDA:93,9,0,0
BRDA:93,9,1,0
BRDA:108,10,0,0
BRDA:108,10,1,1
BRDA:109,11,0,0
BRDA:109,11,1,1
BRDA:125,12,0,0
BRDA:125,12,1,0
BRDA:126,13,0,0
BRDA:126,13,1,0
BRDA:127,14,0,0
BRDA:127,14,1,0
BRDA:141,15,0,1
BRDA:141,15,1,1
BRDA:156,16,0,1
BRDA:156,16,1,1
BRDA:159,17,0,1
BRDA:159,17,1,0
BRDA:167,18,0,0
BRDA:167,18,1,0
BRDA:177,19,0,0
BRDA:177,19,1,0
BRDA:190,20,0,0
BRDA:190,20,1,0
BRDA:203,21,0,0
BRDA:203,21,1,0
BRDA:211,22,0,0
BRDA:211,22,1,0
BRF:50
BRH:20
end_of_record
TN:
SF:src\controllers\trainerController.js
FN:3,getTrainerStats
FN:15,getTrainerReviews
FN:26,attachTrainerMeta
FN:40,(anonymous_3)
FN:56,(anonymous_4)
FN:72,(anonymous_5)
FN:85,(anonymous_6)
FN:96,(anonymous_7)
FN:107,(anonymous_8)
FN:111,(anonymous_9)
FN:122,(anonymous_10)
FN:141,(anonymous_11)
FN:186,(anonymous_12)
FN:204,(anonymous_13)
FN:220,(anonymous_14)
FN:255,(anonymous_15)
FN:265,(anonymous_16)
FN:287,(anonymous_17)
FN:303,(anonymous_18)
FN:308,(anonymous_19)
FNF:20
FNH:8
FNDA:2,getTrainerStats
FNDA:1,getTrainerReviews
FNDA:2,attachTrainerMeta
FNDA:2,(anonymous_3)
FNDA:0,(anonymous_4)
FNDA:0,(anonymous_5)
FNDA:1,(anonymous_6)
FNDA:1,(anonymous_7)
FNDA:0,(anonymous_8)
FNDA:0,(anonymous_9)
FNDA:1,(anonymous_10)
FNDA:1,(anonymous_11)
FNDA:0,(anonymous_12)
FNDA:0,(anonymous_13)
FNDA:0,(anonymous_14)
FNDA:0,(anonymous_15)
FNDA:0,(anonymous_16)
FNDA:0,(anonymous_17)
FNDA:0,(anonymous_18)
FNDA:0,(anonymous_19)
DA:1,1
DA:4,2
DA:11,2
DA:12,2
DA:16,1
DA:22,1
DA:23,0
DA:27,2
DA:28,0
DA:31,2
DA:32,2
DA:40,1
DA:41,2
DA:42,2
DA:43,2
DA:44,1
DA:46,1
DA:49,1
DA:51,0
DA:56,1
DA:57,0
DA:58,0
DA:59,0
DA:60,0
DA:61,0
DA:62,0
DA:65,0
DA:67,0
DA:72,1
DA:73,0
DA:74,0
DA:75,0
DA:76,0
DA:77,0
DA:78,0
DA:80,0
DA:85,1
DA:86,1
DA:87,1
DA:88,1
DA:89,1
DA:90,1
DA:91,1
DA:92,1
DA:95,1
DA:96,1
DA:100,1
DA:102,0
DA:107,1
DA:108,0
DA:109,0
DA:110,0
DA:111,0
DA:115,0
DA:117,0
DA:122,1
DA:123,1
DA:124,1
DA:125,1
DA:126,1
DA:127,1
DA:136,0
DA:141,1
DA:142,1
DA:143,1
DA:144,1
DA:146,1
DA:147,1
DA:150,0
DA:151,0
DA:153,0
DA:156,0
DA:161,0
DA:162,0
DA:166,0
DA:171,0
DA:172,0
DA:175,0
DA:179,0
DA:181,0
DA:186,1
DA:187,0
DA:188,0
DA:189,0
DA:197,0
DA:199,0
DA:204,1
DA:205,0
DA:206,0
DA:207,0
DA:208,0
DA:209,0
DA:212,0
DA:213,0
DA:215,0
DA:220,1
DA:221,0
DA:222,0
DA:223,0
DA:225,0
DA:226,0
DA:229,0
DA:234,0
DA:235,0
DA:238,0
DA:239,0
DA:240,0
DA:243,0
DA:248,0
DA:250,0
DA:255,1
DA:256,0
DA:257,0
DA:258,0
DA:260,0
DA:265,1
DA:266,0
DA:267,0
DA:268,0
DA:270,0
DA:271,0
DA:274,0
DA:275,0
DA:276,0
DA:279,0
DA:280,0
DA:282,0
DA:287,1
DA:288,0
DA:289,0
DA:290,0
DA:291,0
DA:292,0
DA:295,0
DA:296,0
DA:298,0
DA:303,1
DA:304,0
DA:305,0
DA:306,0
DA:308,0
DA:309,0
DA:310,0
DA:311,0
DA:314,0
DA:315,0
DA:319,0
DA:321,0
DA:323,0
DA:327,1
LF:150
LH:50
BRDA:11,0,0,0
BRDA:11,0,1,2
BRDA:11,1,0,2
BRDA:11,1,1,2
BRDA:22,2,0,1
BRDA:22,2,1,0
BRDA:22,3,0,1
BRDA:22,3,1,1
BRDA:27,4,0,0
BRDA:27,4,1,2
BRDA:34,5,0,2
BRDA:34,5,1,2
BRDA:35,6,0,2
BRDA:35,6,1,2
BRDA:43,7,0,1
BRDA:43,7,1,1
BRDA:43,8,0,2
BRDA:43,8,1,1
BRDA:61,9,0,0
BRDA:61,9,1,0
BRDA:64,10,0,0
BRDA:64,10,1,0
BRDA:76,11,0,0
BRDA:76,11,1,0
BRDA:90,12,0,0
BRDA:90,12,1,1
BRDA:125,13,0,0
BRDA:125,13,1,1
BRDA:146,14,0,1
BRDA:146,14,1,0
BRDA:146,15,0,1
BRDA:146,15,1,1
BRDA:146,15,2,0
BRDA:151,16,0,0
BRDA:151,16,1,0
BRDA:153,17,0,0
BRDA:153,17,1,0
BRDA:161,18,0,0
BRDA:161,18,1,0
BRDA:171,19,0,0
BRDA:171,19,1,0
BRDA:194,20,0,0
BRDA:194,20,1,0
BRDA:196,21,0,0
BRDA:196,21,1,0
BRDA:208,22,0,0
BRDA:208,22,1,0
BRDA:225,23,0,0
BRDA:225,23,1,0
BRDA:225,24,0,0
BRDA:225,24,1,0
BRDA:234,25,0,0
BRDA:234,25,1,0
BRDA:239,26,0,0
BRDA:239,26,1,0
BRDA:246,27,0,0
BRDA:246,27,1,0
BRDA:270,28,0,0
BRDA:270,28,1,0
BRDA:275,29,0,0
BRDA:275,29,1,0
BRDA:291,30,0,0
BRDA:291,30,1,0
BRDA:310,31,0,0
BRDA:310,31,1,0
BRDA:310,32,0,0
BRDA:310,32,1,0
BRF:67
BRH:20
end_of_record
TN:
SF:src\middleware\auth.js
FN:3,(anonymous_0)
FN:20,(anonymous_1)
FNF:2
FNH:2
FNDA:13,(anonymous_0)
FNDA:7,(anonymous_1)
DA:1,1
DA:3,1
DA:4,13
DA:5,13
DA:7,13
DA:8,3
DA:11,10
DA:12,10
DA:13,10
DA:14,10
DA:16,0
DA:20,1
DA:21,7
DA:22,1
DA:24,6
DA:27,1
LF:16
LH:15
BRDA:5,0,0,13
BRDA:5,0,1,10
BRDA:7,1,0,3
BRDA:7,1,1,10
BRDA:12,2,0,10
BRDA:12,2,1,0
BRDA:21,3,0,1
BRDA:21,3,1,6
BRF:8
BRH:7
end_of_record
TN:
SF:src\routes\courseRoutes.js
FNF:0
FNH:0
DA:1,1
DA:2,1
DA:8,1
DA:9,1
DA:12,1
DA:16,1
DA:17,1
DA:18,1
DA:21,1
DA:22,1
DA:23,1
DA:24,1
DA:25,1
DA:26,1
DA:27,1
DA:28,1
DA:31,1
DA:33,1
LF:18
LH:18
BRF:0
BRH:0
end_of_record
TN:
SF:src\routes\trainerRoutes.js
FNF:0
FNH:0
DA:1,1
DA:2,1
DA:9,1
DA:10,1
DA:14,1
DA:15,1
DA:18,1
DA:19,1
DA:22,1
DA:23,1
DA:24,1
DA:25,1
DA:28,1
DA:29,1
DA:30,1
DA:33,1
DA:34,1
DA:36,1
LF:18
LH:18
BRF:0
BRH:0
end_of_record
